2026-04-06 12:52:16,278 INFO Starting crawl: https://benhvienthucuc.vn/song-khoe/kham-dinh-duong
2026-04-06 12:52:16,278 INFO Output: /tmp/thucuc_test.jsonl
2026-04-06 12:52:16,278 INFO ── Page 1/1 ──
2026-04-06 12:52:16,653 INFO   Found 20 articles
2026-04-06 12:52:17,109 INFO   [1] Vitamin nào giúp tăng chiều cao cho trẻ dậy thì?
2026-04-06 12:52:18,315 INFO   [2] Các thực phẩm tăng chiều cao tốt nhất
2026-04-06 12:52:19,480 INFO   [3] Các bài tập tăng chiều cao tuổi dậy thì
2026-04-06 12:52:20,670 INFO   [4] Kẽm có giúp tăng chiều cao không?
2026-04-06 12:52:21,867 INFO   [5] Thực đơn tăng chiều cao ở tuổi 14
2026-04-06 12:52:23,045 INFO   [6] Trẻ bị còi xương là thiếu chất gì?
2026-04-06 12:52:24,237 INFO   [7] Có nên dùng sữa dành cho người ung thư phổi?
2026-04-06 12:52:25,406 INFO   [8] Có nên dùng sữa dành cho người ung thư và tiểu đường?
2026-04-06 12:52:26,589 INFO   [9] Có nên dùng sữa dành cho người ung thư máu?
2026-04-06 12:52:27,917 INFO   [10] 1 quả vú sữa bao nhiêu calo? Bị tiểu đường có nên ăn?
2026-04-06 12:52:29,085 INFO   [11] Chỉ số đường huyết của quả cóc, bị tiểu đường có nên ăn?
2026-04-06 12:52:30,285 INFO   [12] Chỉ số đường huyết của sầu riêng, bị tiểu đường có nên ăn?
2026-04-06 12:52:31,464 INFO   [13] Bị tiểu đường tuýp 2 có ăn sơ ri được không?
2026-04-06 12:52:32,646 INFO   [14] Suy thận ăn thanh long được không?
2026-04-06 12:52:33,810 INFO   [15] Bị suy thận có ăn được mướp không?
2026-04-06 12:52:35,018 INFO   [16] Bị suy thận ăn lựu được không?
2026-04-06 12:52:36,216 INFO   [17] Bị suy thận ăn xoài được không?
2026-04-06 12:52:37,402 INFO   [18] Thông tin cần biết về thuốc lợi tiểu Furosemid
2026-04-06 12:52:38,631 INFO   [19] Bị suy thận ăn quýt được không?
2026-04-06 12:52:39,816 INFO   [20] Bị suy thận có ăn được khổ qua không?
2026-04-06 12:52:42,128 INFO Done. Written 20 new articles → /tmp/thucuc_test.jsonl
2026-04-06 12:52:42,129 INFO Total in file (incl. resumed): 20
2026-04-06 13:21:50,295 INFO Starting crawl: https://benhvienthucuc.vn/song-khoe/kham-dinh-duong
2026-04-06 13:21:50,295 INFO Output: /Users/nguyenthithutam/Desktop/Callbot/thucuc_articles_corpus.jsonl
2026-04-06 13:21:50,295 INFO ── Page 1/35 ──
2026-04-06 13:21:50,832 INFO   Found 23 articles
2026-04-06 13:21:51,210 INFO   [1] Vitamin nào giúp tăng chiều cao cho trẻ dậy thì?
2026-04-06 13:21:52,232 INFO   [2] Các thực phẩm tăng chiều cao tốt nhất
2026-04-06 13:21:53,401 INFO   [3] Các bài tập tăng chiều cao tuổi dậy thì
2026-04-06 13:21:54,473 INFO   [4] Kẽm có giúp tăng chiều cao không?
2026-04-06 13:21:55,501 INFO   [5] Thực đơn tăng chiều cao ở tuổi 14
2026-04-06 13:21:56,527 INFO   [6] Trẻ bị còi xương là thiếu chất gì?
2026-04-06 13:21:57,670 INFO   [7] Có nên dùng sữa dành cho người ung thư phổi?
2026-04-06 13:21:58,719 INFO   [8] Có nên dùng sữa dành cho người ung thư và tiểu đường?
2026-04-06 13:21:59,875 INFO   [9] Có nên dùng sữa dành cho người ung thư máu?
2026-04-06 13:22:00,877 INFO   [10] 1 quả vú sữa bao nhiêu calo? Bị tiểu đường có nên ăn?
2026-04-06 13:22:01,904 INFO   [11] Chỉ số đường huyết của quả cóc, bị tiểu đường có nên ăn?
2026-04-06 13:22:02,939 INFO   [12] Chỉ số đường huyết của sầu riêng, bị tiểu đường có nên ăn?
2026-04-06 13:22:04,094 INFO   [13] Bị tiểu đường tuýp 2 có ăn sơ ri được không?
2026-04-06 13:22:05,129 INFO   [14] Suy thận ăn thanh long được không?
2026-04-06 13:22:06,155 INFO   [15] Bị suy thận có ăn được mướp không?
2026-04-06 13:22:07,191 INFO   [16] Bị suy thận ăn lựu được không?
2026-04-06 13:22:08,231 INFO   [17] Bị suy thận ăn xoài được không?
2026-04-06 13:22:09,290 INFO   [18] Thông tin cần biết về thuốc lợi tiểu Furosemid
2026-04-06 13:22:10,448 INFO   [19] Bị suy thận ăn quýt được không?
2026-04-06 13:22:11,481 INFO   [20] Bị suy thận có ăn được khổ qua không?
2026-04-06 13:22:12,527 INFO   [21] Uống canxi có tăng chiều cao không?
2026-04-06 13:22:13,565 INFO   [22] Cách thúc đầy hormone tăng chiều cao ở trẻ
2026-04-06 13:22:14,643 INFO   [23] Protein có giúp tăng chiều cao không?
2026-04-06 13:22:16,952 INFO ── Page 2/35 ──
2026-04-06 13:22:17,161 INFO   Found 23 articles
2026-04-06 13:22:17,387 INFO   [24] Bị suy thận ăn ổi được không?
2026-04-06 13:22:18,421 INFO   [25] Bị suy thận ăn nho được không?
2026-04-06 13:22:19,454 INFO   [26] Bị suy thận ăn hạt hạnh nhân được không?
2026-04-06 13:22:20,585 INFO   [27] Bị suy thận ăn nhãn được không?
2026-04-06 13:22:21,619 INFO   [28] Bị suy thận ăn yến được không?
2026-04-06 13:22:22,716 INFO   [29] Chỉ số đường huyết của quả vải, bị tiểu đường có nên ăn?
2026-04-06 13:22:23,757 INFO   [30] Bị suy thận ăn hải sản, tôm, mực được không?
2026-04-06 13:22:24,787 INFO   [31] Bị suy thận ăn cá được không?
2026-04-06 13:22:25,798 INFO   [32] Người suy thận có ăn được rau diếp cá không?
2026-04-06 13:22:26,834 INFO   [33] Bị suy thận ăn lê được không?
2026-04-06 13:22:27,876 INFO   [34] Bị suy thận ăn mít được không?
2026-04-06 13:22:29,006 INFO   [35] Bị suy thận có ăn được quả roi không?
2026-04-06 13:22:30,050 INFO   [36] Người suy thận có ăn được hạt điều không?
2026-04-06 13:22:31,102 INFO   [37] Suy thận có ăn được hạt sen không?
2026-04-06 13:22:32,125 INFO   [38] Suy thận ăn hạt óc chó được không?
2026-04-06 13:22:33,158 INFO   [39] Suy thận ăn khoai tây được không?
2026-04-06 13:22:34,155 INFO   [40] Suy thận ăn khoai môn được không?
2026-04-06 13:22:35,204 INFO   [41] Bị suy thận có ăn được rau ngót không?
2026-04-06 13:22:36,270 INFO   [42] Người suy thận có ăn được khoai lang không?
2026-04-06 13:22:37,385 INFO   [43] Bị suy thận ăn rau má được không?
2026-04-06 13:22:39,707 INFO ── Page 3/35 ──
2026-04-06 13:22:39,929 INFO   Found 23 articles
2026-04-06 13:22:40,209 INFO   [44] Bị suy thận có ăn được rau lang không?
2026-04-06 13:22:41,224 INFO   [45] Chỉ số đường huyết của hạt kê, bị tiểu đường có nên ăn?
2026-04-06 13:22:42,387 INFO   [46] Chỉ số đường huyết của ớt chuông, bị tiểu đường có nên ăn?
2026-04-06 13:22:43,525 INFO   [47] Chỉ số đường huyết của bắp cải, bị tiểu đường có nên ăn?
2026-04-06 13:22:44,550 INFO   [48] Chỉ số đường huyết của chôm chôm, bị tiểu đường có nên ăn?
2026-04-06 13:22:45,573 INFO   [49] Chỉ số đường huyết của măng cụt, bị tiểu đường có nên ăn?
2026-04-06 13:22:46,613 INFO   [50] Chỉ số đường huyết của mật ong, bị tiểu đường có nên ăn?
2026-04-06 13:22:47,638 INFO   [51] Bị suy thận có ăn được giá đỗ không?
2026-04-06 13:22:48,678 INFO   [52] Bị suy thận có uống được nước mía không?
2026-04-06 13:22:49,728 INFO   [53] Bị suy thận ăn đu đủ được không?
2026-04-06 13:22:50,758 INFO   [54] Bị suy thận có ăn được rau muống không?
2026-04-06 13:22:51,913 INFO   [55] Bị suy thận có ăn được yến mạch không?
2026-04-06 13:22:52,959 INFO   [56] Chỉ số đường huyết của quýt, bị tiểu đường có nên ăn?
2026-04-06 13:22:54,014 INFO   [57] Chỉ số đường huyết của khoai tây, bị tiểu đường có nên ăn?
2026-04-06 13:22:55,060 INFO   [58] Chỉ số đường huyết của quả nhãn, bị tiểu đường có nên ăn?
2026-04-06 13:22:56,123 INFO   [59] Chỉ số đường huyết của quả na, bị tiểu đường có nên ăn?
2026-04-06 13:22:57,254 INFO   [60] Chỉ số đường huyết của quả roi, bị tiểu đường có nên ăn?
2026-04-06 13:22:58,306 INFO   [61] Chỉ số đường huyết của hạt hạnh nhân, bị tiểu đường có nên ă
2026-04-06 13:22:59,363 INFO   [62] Chỉ số đường huyết của hạt điều, bị tiểu đường có nên ăn?
2026-04-06 13:23:00,413 INFO   [63] Chỉ số đường huyết của lạc, bị tiểu đường có nên ăn?
2026-04-06 13:23:02,722 INFO ── Page 4/35 ──
2026-04-06 13:23:02,974 INFO   Found 23 articles
2026-04-06 13:23:03,216 INFO   [64] Cách dùng thuốc kháng sinh răng miệng Rodogyl
2026-04-06 13:23:04,275 INFO   [65] Chỉ số đường huyết của hạt dẻ, bị tiểu đường có nên ăn?
2026-04-06 13:23:05,338 INFO   [66] Chỉ số đường huyết của hạt chia, bị tiểu đường có nên ăn?
2026-04-06 13:23:06,420 INFO   [67] Chỉ số đường huyết của quả bơ, bị tiểu đường có nên ăn?
2026-04-06 13:23:07,557 INFO   [68] Chỉ số đường huyết của cà chua, bị tiểu đường có nên ăn?
2026-04-06 13:23:08,617 INFO   [69] Chỉ số đường huyết của khoai môn, bị tiểu đường có nên ăn?
2026-04-06 13:23:09,680 INFO   [70] Chỉ số đường huyết của cà rốt, bị tiểu đường có nên ăn?
2026-04-06 13:23:10,731 INFO   [71] Chỉ số đường huyết của trứng gà, bị tiểu đường có nên ăn?
2026-04-06 13:23:11,797 INFO   [72] Chỉ số đường huyết của gạo lứt đen, bị tiểu đường có nên ăn
2026-04-06 13:23:12,852 INFO   [73] Chỉ số đường huyết của khoai mì, bị tiểu đường có nên ăn?
2026-04-06 13:23:13,898 INFO   [74] Chỉ số đường huyết của đu đủ chín, bị tiểu đường có nên ăn?
2026-04-06 13:23:14,956 INFO   [75] Chỉ số đường huyết của ngô nếp, bị tiểu đường có ăn được khô
2026-04-06 13:23:15,993 INFO   [76] Loại thức ăn nào nên ăn khi bị cảm cúm?
2026-04-06 13:23:17,054 INFO   [77] Uống thuốc chống đông có ăn được trứng gà không?
2026-04-06 13:23:18,119 INFO   [78] Chỉ số đường huyết của chuối xanh và chuối chín, bị đái tháo
2026-04-06 13:23:19,256 INFO   [79] Chỉ số đường huyết của xoài chín, bị tiểu đường ăn được khôn
2026-04-06 13:23:20,320 INFO   [80] Chỉ số đường huyết của hạt sen, bị tiểu đường ăn được không?
2026-04-06 13:23:21,357 INFO   [81] Chỉ số đường huyết của đậu xanh, bị tiểu đường ăn được không
2026-04-06 13:23:22,411 INFO   [82] Vì sao chỉ số đường huyết của xôi cao?
2026-04-06 13:23:23,470 INFO   [83] Chỉ số đường huyết của yến mạch, bị tiểu đường ăn được không
2026-04-06 13:23:25,778 INFO ── Page 5/35 ──
2026-04-06 13:23:26,190 INFO   Found 23 articles
2026-04-06 13:23:26,418 INFO   [84] Chỉ số đường huyết của bột sắn dây, có dùng cho người tiểu đ
2026-04-06 13:23:27,526 INFO   [85] Chỉ số đường huyết của đậu phụ, bị tiểu đường ăn được không?
2026-04-06 13:23:28,583 INFO   [86] Người bị sỏi thận có nên ăn trứng gà không?
2026-04-06 13:23:29,819 INFO   [87] Quả trám đen có bao nhiêu calo?
2026-04-06 13:23:30,859 INFO   [88] Quả sầu riêng có bao nhiêu calo?
2026-04-06 13:23:31,913 INFO   [89] 1 quả hồng giòn có bao nhiêu calo?
2026-04-06 13:23:32,954 INFO   [90] Quả cọ có bao nhiêu calo?
2026-04-06 13:23:33,991 INFO   [91] Bị ung thư phổi có uống được sữa đậu nành không?
2026-04-06 13:23:35,034 INFO   [92] 1 quả cóc chứa bao nhiêu calo?
2026-04-06 13:23:36,152 INFO   [93] Chỉ số z-score trong suy dinh dưỡng có ý nghĩa gì?
2026-04-06 13:23:37,200 INFO   [94] 10 Biểu hiện của trẻ bị suy dinh dưỡng cha mẹ cần lưu ý
2026-04-06 13:23:38,311 INFO   [95] 8 Loại thực phẩm bổ máu cho bé để phát triển sức khỏe toàn d
2026-04-06 13:23:39,369 INFO   [96] Tháp dinh dưỡng cho trẻ từ 1 đến 6 tuổi ba mẹ cần lưu ý
2026-04-06 13:23:40,439 INFO   [97] Bé bị thủy đậu kiêng gì: 5 nguyên tắc chính ba mẹ cần lưu ý
2026-04-06 13:23:41,494 INFO   [98] Trẻ 3 tuổi bị táo bón nên ăn gì để nhanh khỏi và tiêu hóa tố
2026-04-06 13:23:42,541 INFO   [99] Trẻ thiếu sắt ăn gì để nhanh phục hồi và phát triển khỏe mạn
2026-04-06 13:23:43,605 INFO   [100] Cẩm nang dinh dưỡng cho bé: Hành trang cho sự phát triển
2026-04-06 13:23:44,655 INFO   [101] Óc heo cho bé 1 tuổi: Lợi ích và rủi ro khi ăn
2026-04-06 13:23:45,797 INFO   [102] Tìm hiểu về vấn đề bị thủy đậu kiêng ăn thịt gà không
2026-04-06 13:23:46,849 INFO   [103] Tìm hiểu về vấn đề bị thuỷ đậu có kiêng ăn tôm không
2026-04-06 13:23:49,158 INFO ── Page 6/35 ──
2026-04-06 13:23:49,380 INFO   Found 23 articles
2026-04-06 13:23:49,611 INFO   [104] Tìm hiểu về vấn đề bị thuỷ đậu có kiêng ăn cá không
2026-04-06 13:23:50,673 INFO   [105] Những món cháo bổ dưỡng cho bé mới ốm dậy nhanh hồi phục
2026-04-06 13:23:51,824 INFO   [106] Cho bé ăn bơ đúng cách và những thông tin dinh dưỡng liên qu
2026-04-06 13:23:52,895 INFO   [107] Cháo cho bé suy dinh dưỡng giúp con bắt kịp đà tăng trưởng
2026-04-06 13:23:53,938 INFO   [108] Các chất dinh dưỡng cần thiết cho trẻ giúp phát triển toàn d
2026-04-06 13:23:55,050 INFO   [109] Cân bằng dinh dưỡng cho bé giúp con phát triển khỏe mạnh
2026-04-06 13:23:56,145 INFO   [110] Cách cho bé ăn hạt chia đúng cách để hấp thu dinh dưỡng tối 
2026-04-06 13:23:57,331 INFO   [111] Hướng dẫn cha mẹ cách tính toán bữa ăn dinh dưỡng cho trẻ
2026-04-06 13:23:58,385 INFO   [112] Trẻ em ăn bí đỏ nhiều có tốt không và những vấn đề liên quan
2026-04-06 13:23:59,492 INFO   [113] Tham khảo cách bổ sung rau cho bé như thế nào cho đúng và đủ
2026-04-06 13:24:00,553 INFO   [114] Vai trò của bổ sung chất béo cho trẻ – kiến thức cha mẹ cần 
2026-04-06 13:24:01,621 INFO   [115] Các phương pháp kiểm tra dinh dưỡng cho bé
2026-04-06 13:24:02,683 INFO   [116] Cho bé ăn yến mạch có tốt không? Lợi ích và lưu ý cha mẹ cần
2026-04-06 13:24:03,744 INFO   [117] Đường nào tốt cho bé: Giải mã vị ngọt an toàn trong dinh dưỡ
2026-04-06 13:24:04,804 INFO   [118] Bé ăn rau củ khó khăn, cách để cha mẹ cải thiện
2026-04-06 13:24:05,849 INFO   [119] Thắc mắc bé ăn nhiều tôm có tốt không và câu trả lời
2026-04-06 13:24:06,953 INFO   [120] Bé ăn nhiều thịt bò có tốt không và lời giải đáp
2026-04-06 13:24:08,010 INFO   [121] Vai trò của bác sĩ tư vấn dinh dưỡng cho bé trong sự phát tr
2026-04-06 13:24:09,089 INFO   [122] Top 5 món cháo bổ dưỡng cho bé bị ốm giúp lại sức nhanh chón
2026-04-06 13:24:10,157 INFO   [123] Dinh dưỡng chuẩn giúp trẻ bớt quấy khóc và phát triển toàn d
2026-04-06 13:24:12,464 INFO ── Page 7/35 ──
2026-04-06 13:24:12,896 INFO   Found 23 articles
2026-04-06 13:24:13,150 INFO   [124] Bí quyết lựa chọn các món ăn bổ sung canxi cho bé khỏe mạnh
2026-04-06 13:24:14,215 INFO   [125] Bé lười ăn, thử ngay 5 món ăn sáng rất dễ làm mà còn bổ dưỡn
2026-04-06 13:24:15,286 INFO   [126] Khám phá thực phẩm giúp bé nhanh khỏe khi sốt siêu vi
2026-04-06 13:24:16,409 INFO   [127] Cách chăm sóc trẻ suy dinh dưỡng cha mẹ nên lưu ý
2026-04-06 13:24:17,477 INFO   [128] Giải đáp vấn đề trẻ em ăn cá hồi có tốt không tới cha mẹ
2026-04-06 13:24:18,529 INFO   [129] Hiểu đúng và đủ về dinh dưỡng cho trẻ còi xương
2026-04-06 13:24:19,847 INFO   [130] Khám phá các món rau cho bé: dinh dưỡng và hấp dẫn
2026-04-06 13:24:20,902 INFO   [131] Tìm hiểu về vấn đề bé ăn nhiều yến mạch có tốt không
2026-04-06 13:24:21,966 INFO   [132] Tìm hiểu về vấn đề cho bé ăn hạt sen có tốt không
2026-04-06 13:24:23,022 INFO   [133] Giải đáp thắc mắc em bé bị vàng da mẹ kiêng ăn gì
2026-04-06 13:24:24,090 INFO   [134] Cho trẻ dưới 1 tuổi ăn đường: Những điều bố mẹ cần biết
2026-04-06 13:24:25,163 INFO   [135] Những điều bố mẹ cần biết khi cho trẻ uống tảo xoắn
2026-04-06 13:24:26,231 INFO   [136] Trẻ gầy biếng ăn nên bổ sung gì để cải thiện và câu trả lời
2026-04-06 13:24:27,301 INFO   [137] Mẹ nên ăn gì để con không bị táo bón và lời khuyên chuyên gi
2026-04-06 13:24:28,364 INFO   [138] Bí quyết tuổi dậy thì ăn gì để phát triển chiều cao
2026-04-06 13:24:29,425 INFO   [139] Bị thủy đậu và vấn đề kiêng thịt gà
2026-04-06 13:24:30,505 INFO   [140] Ăn mì tôm trẻ em có béo không: Lời giải cho thắc mắc của bố 
2026-04-06 13:24:32,815 INFO ── Page 8/35 ──
2026-04-06 13:24:33,036 INFO   Found 23 articles
2026-04-06 13:24:33,315 INFO   [141] Bé bị vàng da mẹ kiêng ăn gì: Hiểu để chăm sóc con yêu tốt h
2026-04-06 13:24:34,372 INFO   [142] Tìm hiểu về vấn đề trẻ con ăn nhiều trứng có tốt không
2026-04-06 13:24:35,447 INFO   [143] Tìm hiểu về vấn đề trào ngược dạ dày nên ăn trái cây gì
2026-04-06 13:24:36,511 INFO   [144] Thực phẩm mẹ nên ăn khi trẻ sơ sinh bị táo bón
2026-04-06 13:24:37,583 INFO   [145] Dinh dưỡng hợp lý cho trẻ mầm non: Trẻ ăn gì để cao lớn và t
2026-04-06 13:24:38,665 INFO   [146] Top 3 món cháo siêu bổ dưỡng cho trẻ khi bị viêm phổi
2026-04-06 13:24:39,734 INFO   [147] Thực đơn dinh dưỡng cho bé thêm phong phú với rau ngót
2026-04-06 13:24:40,794 INFO   [148] Top 10 thực phẩm cho trẻ suy dinh dưỡng mà cha mẹ cần biết
2026-04-06 13:24:41,857 INFO   [149] Bí đỏ – Siêu thực phẩm cho bé từ 6 tháng tuổi
2026-04-06 13:24:42,931 INFO   [150] Những vấn đề người bệnh ung thư phổi cần biết khi ăn thịt ch
2026-04-06 13:24:44,020 INFO   [151] Bí quyết dinh dưỡng cho trẻ sau điều trị lồng ruột
2026-04-06 13:24:45,093 INFO   [152] Tìm hiểu vấn đề ung thư tuyến giáp có ăn được thịt chó không
2026-04-06 13:24:46,171 INFO   [153] Tìm hiểu về vấn đề ung thư máu có nên ăn thịt bò
2026-04-06 13:24:47,250 INFO   [154] Thực phẩm bổ máu cho người ung thư: Những điều bạn cần biết
2026-04-06 13:24:48,498 INFO   [155] Lợi ích và thời điểm phù hợp cho trẻ ăn trái cây
2026-04-06 13:24:49,556 INFO   [156] Trẻ em ăn lươn có tốt không và những lưu ý cha mẹ cần biết
2026-04-06 13:24:51,747 INFO   [157] Món ăn bổ máu cho bé: dinh dưỡng an toàn và hiệu quả
2026-04-06 13:24:52,791 INFO   [158] Cha mẹ cần tìm hiểu trẻ bị sốt xuất huyết nên ăn gì
2026-04-06 13:24:53,852 INFO   [159] Những điều cần biết về tháp dinh dưỡng cho trẻ ăn dặm
2026-04-06 13:24:54,969 INFO   [160] Chế độ dinh dưỡng hỗ trợ hồi phục bệnh thuỷ đậu
2026-04-06 13:24:57,280 INFO ── Page 9/35 ──
2026-04-06 13:24:57,573 INFO   Found 23 articles
2026-04-06 13:24:57,817 INFO   [161] Cho trẻ em ăn gạo lứt có tốt không và giải đáp
2026-04-06 13:24:58,920 INFO   [162] Biểu hiện của suy dinh dưỡng ở trẻ em về nhiều khía cạnh
2026-04-06 13:25:00,020 INFO   [163] Hướng dẫn lựa chọn những món ăn cho trẻ biếng ăn
2026-04-06 13:25:01,059 INFO   [164] Giải đáp: bé ăn yến mạch mỗi ngày có tốt không
2026-04-06 13:25:02,120 INFO   [165] Tổng hợp trái cây người viêm amidan nên ăn
2026-04-06 13:25:03,431 INFO   [166] Tìm hiểu về vấn đề trẻ bị nhiệt miệng ăn gì cho mát
2026-04-06 13:25:04,556 INFO   [167] Trẻ uống sữa công thức có cần bổ sung sắt và câu trả lời
2026-04-06 13:25:05,613 INFO   [168] Cha mẹ nào cũng muốn biết trẻ ăn gì để phát triển chiều cao
2026-04-06 13:25:06,692 INFO   [169] 6 Loại thực phẩm hỗ trợ tiệt trừ vi khuẩn Hp
2026-04-06 13:25:07,773 INFO   [170] Thịt bò và 4 lợi ích đối với người bệnh thủy đậu
2026-04-06 13:25:08,847 INFO   [171] Dinh dưỡng chuẩn giúp trẻ vượt qua bệnh quai bị an toàn
2026-04-06 13:25:09,987 INFO   [172] Yến mạch – Siêu thực phẩm vàng cho hành trình phát triển của
2026-04-06 13:25:11,049 INFO   [173] Giải mã thực đơn giúp trẻ viêm phổi ăn ngon – chóng khỏe
2026-04-06 13:25:12,121 INFO   [174] Dinh dưỡng hỗ trợ hồi phục khi trẻ sốt phát ban
2026-04-06 13:25:13,182 INFO   [175] Bổ sung hạt chia trong thực đơn ăn dặm của bé
2026-04-06 13:25:14,250 INFO   [176] Tìm hiểu về vấn đề mổ trĩ xong nên kiêng ăn gì
2026-04-06 13:25:15,412 INFO   [177] Sau khi mổ trĩ: Tổng hợp 5 nhóm thực phẩm bạn nên ăn
2026-04-06 13:25:16,542 INFO   [178] Tìm hiểu về vấn đề mổ trĩ xong nên ăn trái cây gì
2026-04-06 13:25:17,589 INFO   [179] 5 Món ăn cho bé lười ăn rau khiến trẻ thích mê
2026-04-06 13:25:18,653 INFO   [180] Ăn đúng cách – Chìa khóa phục hồi tiêu chảy cấp ở trẻ
2026-04-06 13:25:20,964 INFO ── Page 10/35 ──
2026-04-06 13:25:21,232 INFO   Found 23 articles
2026-04-06 13:25:21,492 INFO   [181] 3 Món ăn cho bé lười ăn thịt vừa ngon vừa đủ chất
2026-04-06 13:25:22,916 INFO   [182] Bổ sung gạo lứt vào thực đơn cho bé: Những điều cha mẹ cần b
2026-04-06 13:25:23,993 INFO   [183] Ăn uống đúng cách cho bé bị rối lọan tiêu hóa
2026-04-06 13:25:25,096 INFO   [184] Dinh dưỡng cho trẻ dậy thì: Ăn đúng để con phát triển vượt t
2026-04-06 13:25:26,314 INFO   [185] Đổi món khi trẻ chán ăn cháo: Giải pháp từ chuyên gia
2026-04-06 13:25:27,382 INFO   [186] Dấu hiệu nhận biết bé còi xương và cách xử lý kịp thời
2026-04-06 13:25:28,439 INFO   [187] Những loại trái cây bé ăn dặm giúp phát triển toàn diện
2026-04-06 13:25:29,486 INFO   [188] Dinh dưỡng cho trẻ 5 tuổi và những lưu ý quan trọng
2026-04-06 13:25:30,606 INFO   [189] Trẻ em ăn trứng gà nhiều có tốt không: Lợi ích và lưu ý cần 
2026-04-06 13:25:31,692 INFO   [190] 5 Loại trái cây tốt nhất cho trẻ 6 tháng tuổi
2026-04-06 13:25:32,761 INFO   [191] Trẻ em ăn trứng nhiều có tốt không và câu trả lời
2026-04-06 13:25:33,819 INFO   [192] Chế độ dinh dưỡng giúp bé 2 tuổi khắc phục thiếu máu
2026-04-06 13:25:35,121 INFO   [193] Tìm hiểu những kiến thức về thực phẩm bổ máu cho trẻ
2026-04-06 13:25:36,186 INFO   [194] 2 Mặt của vấn đề bổ sung thực phẩm chức năng cho trẻ biếng ă
2026-04-06 13:25:37,230 INFO   [195] Những nhóm thực phẩm cần thiết cho trẻ khi bị cảm cúm
2026-04-06 13:25:38,311 INFO   [196] Nguyên nhân và tác hại của suy dinh dưỡng tuổi dậy thì
2026-04-06 13:25:39,398 INFO   [197] Những lưu ý quan trọng khi cho bé ăn bơ đúng cách
2026-04-06 13:25:40,444 INFO   [198] Dấu hiệu của trẻ suy dinh dưỡng và cách nhận biết sớm
2026-04-06 13:25:41,581 INFO   [199] Bí quyết nuôi con hết còi xương, cao lớn khỏe mạnh
2026-04-06 13:25:42,732 INFO   [200] Bé 2 tuổi ăn cơm: Nguyên tắc dinh dưỡng cha mẹ cần biết
2026-04-06 13:25:45,039 INFO ── Page 11/35 ──
2026-04-06 13:25:45,281 INFO   Found 23 articles
2026-04-06 13:25:45,523 INFO   [201] Trẻ bị tay chân miệng nên ăn gì để tăng cường sức đề kháng
2026-04-06 13:25:46,559 INFO   [202] Trẻ bị thủy đậu kiêng gì và những lưu ý cha mẹ cần nhớ
2026-04-06 13:25:47,591 INFO   [203] Những điều cần lưu ý về dinh dưỡng cho trẻ dậy thì
2026-04-06 13:25:48,741 INFO   [204] Chọn lựa cho bé ăn cháo dinh dưỡng nấu tại nhà hay mua ngoài
2026-04-06 13:25:49,806 INFO   [205] Nguyên nhân và cách khắc phục trẻ lên cân chậm
2026-04-06 13:25:50,849 INFO   [206] Trẻ lười ăn nên bổ sung gì để cải thiện sức khỏe và câu trả 
2026-04-06 13:25:51,905 INFO   [207] Chế độ dinh dưỡng cho trẻ mầm non để phát triển toàn diện
2026-04-06 13:25:52,971 INFO   [208] Con bị vàng da mẹ kiêng ăn gì và câu trả lời của bác sĩ
2026-04-06 13:25:54,034 INFO   [209] Giải đáp về việc bé mấy tháng ăn cá hồi
2026-04-06 13:25:55,109 INFO   [210] Lời khuyên về việc trẻ 2 tuổi bị táo bón nên ăn gì
2026-04-06 13:25:56,166 INFO   [211] Món ngon cho bé 2 tuổi biếng ăn để kích thích vị giác
2026-04-06 13:25:57,238 INFO   [212] Tìm hiểu về vấn đề sỏi mật có được ăn hải sản không
2026-04-06 13:25:58,287 INFO   [213] Sỏi mật có nên ăn trứng: Tìm hiểu để bảo vệ túi mật
2026-04-06 13:25:59,463 INFO   [214] Tìm hiểu về vấn đề bị sỏi mật ăn chuối được không
2026-04-06 13:26:00,526 INFO   [215] Tìm hiểu về vấn đề ăn đường nhiều có tăng huyết áp không
2026-04-06 13:26:01,581 INFO   [216] Món ăn cho bé 4 tuổi kén ăn mà bố mẹ nên tham khảo
2026-04-06 13:26:02,658 INFO   [217] Bé ăn dặm bị táo bón nên ăn gì để cải thiện và câu trả lời
2026-04-06 13:26:03,715 INFO   [218] 5 loại trà uống hạ huyết áp bạn nhất định phải biết
2026-04-06 13:26:04,779 INFO   [219] Bé bị rối loạn tiêu hóa nên ăn gì và câu trả lời
2026-04-06 13:26:05,854 INFO   [220] Trẻ thiếu máu nên ăn gì và câu trả lời từ chuyên gia dinh dư
2026-04-06 13:26:08,159 INFO ── Page 12/35 ──
2026-04-06 13:26:08,369 INFO   Found 23 articles
2026-04-06 13:26:08,622 INFO   [221] Thực hư tin đồn uống sữa đậu nành giảm mỡ máu
2026-04-06 13:26:09,688 INFO   [222] Tìm hiểu vấn đề huyết áp thấp có uống được an cung ngưu hoàn
2026-04-06 13:26:10,747 INFO   [223] Tìm hiểu vấn đề cao huyết áp có uống được hoa tam thất không
2026-04-06 13:26:11,807 INFO   [224] Dầu ăn cho người mỡ máu cao: 5 loại dầu “cứu cánh” cho trái 
2026-04-06 13:26:12,965 INFO   [225] Tìm hiểu về vấn đề mỡ máu cao có ăn được trứng gà không
2026-04-06 13:26:14,033 INFO   [226] Ăn nhiều muối tăng huyết áp: Thói quen nhỏ, hậu quả lớn
2026-04-06 13:26:15,218 INFO   [227] Giới thiệu về bảng calo của các loại rau củ
2026-04-06 13:26:16,265 INFO   [228] Mách bạn những công dụng của đu đủ chín
2026-04-06 13:26:17,358 INFO   [229] Dinh dưỡng cần thiết để phát triển chiều cao cho bé
2026-04-06 13:26:18,445 INFO   [230] Top 10 thực phẩm giúp bé tạm biệt với táo bón
2026-04-06 13:26:19,505 INFO   [231] Bé từ 6 tháng tuổi đã có thể ăn dặm với hạt sen
2026-04-06 13:26:20,554 INFO   [232] Cảnh báo sớm khi trẻ em bị suy dinh dưỡng, điều cha mẹ cần l
2026-04-06 13:26:21,621 INFO   [233] 5 Sai lầm phổ biến khi chăm sóc răng bị sâu bạn cần tránh
2026-04-06 13:26:22,687 INFO   [234] Giải pháp dinh dưỡng cho trẻ thấp còi hiệu quả
2026-04-06 13:26:23,752 INFO   [235] Bé ăn lươn có tốt không? Lợi ích và những điều mẹ cần lưu ý
2026-04-06 13:26:24,811 INFO   [236] Ăn dứa giảm mỡ máu: Lợi ích ít người biết từ trái cây này
2026-04-06 13:26:25,862 INFO   [237] Giải pháp cho trẻ còi xương biếng ăn hiệu quả tại nhà
2026-04-06 13:26:26,920 INFO   [238] Tìm hiểu về vấn đề ăn chua có hạ huyết áp không
2026-04-06 13:26:27,983 INFO   [239] Ăn bưởi giảm mỡ máu: Bí quyết đơn giản cho sức khỏe tim mạch
2026-04-06 13:26:29,072 INFO   [240] Dấu hiệu suy dinh dưỡng thấp còi ở trẻ và cách khắc phục
2026-04-06 13:26:31,378 INFO ── Page 13/35 ──
2026-04-06 13:26:31,660 INFO   Found 23 articles
2026-04-06 13:26:31,900 INFO   [241] Thời điểm bé mấy tháng ăn hoa quả phù hợp và những lưu ý
2026-04-06 13:26:33,011 INFO   [242] Máu nhiễm mỡ ăn thịt gà: Những điều bạn cần biết
2026-04-06 13:26:34,082 INFO   [243] Những điều người huyết áp cao cần biết khi ăn táo đỏ
2026-04-06 13:26:35,598 INFO   [244] Tìm hiểu về vấn đề huyết áp cao có nên ăn gạo lứt
2026-04-06 13:26:36,676 INFO   [245] Lưu ý quan trọng khi cho em bé ăn cải lần đầu tiên
2026-04-06 13:26:37,742 INFO   [246] Lợi ích của việc cho em bé ăn bơ trong giai đoạn ăn dặm
2026-04-06 13:26:38,796 INFO   [247] Dinh dưỡng cho trẻ nhỏ: Những điều cha mẹ không nên bỏ qua
2026-04-06 13:26:39,867 INFO   [248] Những sai lầm thường gặp khi chăm sóc trẻ bị suy dinh dưỡng
2026-04-06 13:26:40,911 INFO   [249] 7 nguyên tắc vàng trong chế độ dinh dưỡng cho bé 3 tuổi
2026-04-06 13:26:41,998 INFO   [250] Sai lầm phổ biến khi xây dựng chế độ dinh dưỡng bé 1 tuổi
2026-04-06 13:26:43,142 INFO   [251] Những lưu ý khi xây dựng chế độ ăn uống cho người cao huyết 
2026-04-06 13:26:44,204 INFO   [252] Những điều mẹ cần lưu ý khi cho bé 6 tháng ăn bơ lần đầu
2026-04-06 13:26:45,254 INFO   [253] Bé ăn cá hồi có tốt không? Lợi ích tuyệt vời mẹ không nên bỏ
2026-04-06 13:26:46,358 INFO   [254] Cảnh báo 7 biểu hiện của trẻ suy dinh dưỡng phổ biến hiện na
2026-04-06 13:26:47,687 INFO   [255] Những sai lầm phổ biến khi bổ sung dinh dưỡng cho trẻ 2 tuổi
2026-04-06 13:26:48,743 INFO   [256] Trẻ mấy tháng ăn cá hồi là tốt nhất? Lưu ý quan trọng mẹ cần
2026-04-06 13:26:49,887 INFO   [257] 7 lưu ý khi bổ sung canxi cho trẻ thấp còi cha mẹ không nên 
2026-04-06 13:26:50,931 INFO   [258] Tìm hiểu về vấn đề huyết áp cao có ăn được đu đủ không
2026-04-06 13:26:51,995 INFO   [259] Tìm hiểu về vấn đề huyết áp cao có ăn được ngải cứu không
2026-04-06 13:26:53,078 INFO   [260] Khám phá chế độ dinh dưỡng cho trẻ dậy thì khoa học, hợp lý
2026-04-06 13:26:55,389 INFO ── Page 14/35 ──
2026-04-06 13:26:55,613 INFO   Found 23 articles
2026-04-06 13:26:55,863 INFO   [261] Tìm hiểu về vấn đề mỡ máu có ăn được trứng vịt lộn không
2026-04-06 13:26:56,919 INFO   [262] Hướng dẫn người mỡ máu cao ăn thịt bò
2026-04-06 13:26:57,992 INFO   [263] Tìm hiểu vấn đề mỡ máu cao ăn khoai lang được không
2026-04-06 13:26:59,077 INFO   [264] Những thực phẩm trẻ thủy đậu nên ăn và kiêng ăn
2026-04-06 13:27:00,126 INFO   [265] 10 Thực phẩm tăng cường sắt cho bé
2026-04-06 13:27:01,175 INFO   [266] Thực đơn cho bé 3 tuổi: Gợi ý bữa ăn dinh dưỡng cho bé
2026-04-06 13:27:02,231 INFO   [267] 5 Sai lầm thường gặp khi áp dụng chế độ ăn cho trẻ biếng ăn
2026-04-06 13:27:03,295 INFO   [268] Tác động của ớt đến sức khỏe của người huyết áp cao
2026-04-06 13:27:04,368 INFO   [269] Gợi ý 7 chất dinh dưỡng cho trẻ giúp tăng sức đề kháng
2026-04-06 13:27:05,435 INFO   [270] Ăn lươn khi bị cao huyết áp: Bạn phải biết những thông tin n
2026-04-06 13:27:06,495 INFO   [271] Đặc điểm vi khuẩn Hp: Do đâu mà có và gây ra bệnh gì?
2026-04-06 13:27:07,558 INFO   [272] Ợ hơi có mùi hôi: cảnh báo vấn đề tiêu hóa không thể bỏ qua
2026-04-06 13:27:08,689 INFO   [273] Ợ nóng tức ngực: Khi hệ tiêu hóa đang âm thầm “kêu cứu”
2026-04-06 13:27:09,737 INFO   [274] Ợ hơi xót ruột – Nguyên nhân, chẩn đoán và cách khắc phục
2026-04-06 13:27:12,026 INFO   [275] Ợ hơi vào buổi sáng: Cảnh báo bệnh lý tiêu hóa tiềm ẩn
2026-04-06 13:27:13,387 INFO   [276] Ợ nóng đầy hơi: Dấu hiệu thường gặp nhưng dễ bị xem nhẹ
2026-04-06 13:27:14,683 INFO   [277] Gợi ý thực phẩm tốt cho người huyết áp cao nên dùng mỗi ngày
2026-04-06 13:27:15,756 INFO   [278] Thực phẩm chống xơ vữa mạch máu bạn nhất định phải biết
2026-04-06 13:27:16,806 INFO   [279] Top 5 lý do nên bổ sung yến sào cho trẻ suy dinh dưỡng sớm
2026-04-06 13:27:17,866 INFO   [280] Top 10 thực phẩm cho trẻ biếng ăn giúp kích thích vị giác
2026-04-06 13:27:20,188 INFO ── Page 15/35 ──
2026-04-06 13:27:20,504 INFO   Found 23 articles
2026-04-06 13:27:20,726 INFO   [281] Tìm hiểu về vấn đề huyết áp cao có uống được quả la hán khôn
2026-04-06 13:27:21,753 INFO   [282] Tìm hiểu vấn đề người cao huyết áp uống rượu ớt có hết không
2026-04-06 13:27:22,792 INFO   [283] Tìm hiểu về vấn đề huyết áp cao có uống được lá vối không
2026-04-06 13:27:23,881 INFO   [284] Những hiểu lầm thường gặp về trái cây có vitamin C bạn nên b
2026-04-06 13:27:24,953 INFO   [285] Đồ uống hạ huyết áp: Giải pháp an toàn từ thiên nhiên
2026-04-06 13:27:25,990 INFO   [286] 5 loại đồ uống giảm mỡ máu hiệu quả, dễ làm tại nhà
2026-04-06 13:27:27,071 INFO   [287] 5 Nhóm thực phẩm có cholesterol cao bạn nên ăn thận trọng
2026-04-06 13:27:28,316 INFO   [288] Thực phẩm làm tăng mỡ máu: 5 nhóm bạn nên tránh
2026-04-06 13:27:31,017 INFO   [289] Cẩn trọng với nhóm thực phẩm gây tăng huyết áp
2026-04-06 13:27:32,102 INFO   [290] Ăn chuối khi bị mỡ máu cao: Những vấn đề bạn nên biết
2026-04-06 13:27:33,181 INFO   [291] Những sai lầm thường gặp trong chế độ ăn của trẻ em
2026-04-06 13:27:34,312 INFO   [292] Giai đoạn vàng phòng ngừa suy dinh dưỡng thấp còi ở trẻ nhỏ
2026-04-06 13:27:35,402 INFO   [293] Những sai lầm phổ biến trong chế độ ăn của người bị mỡ máu
2026-04-06 13:27:36,467 INFO   [294] 5 Cách cải thiện tình trạng trẻ chậm lên cân hiệu quả tại nh
2026-04-06 13:27:37,519 INFO   [295] Tìm hiểu về vấn đề người bị mỡ máu có nên ăn sữa chua
2026-04-06 13:27:38,577 INFO   [296] Thực đơn giúp mẹ dễ dàng bổ sung rau xanh cho bé mỗi ngày
2026-04-06 13:27:39,667 INFO   [297] Những vấn đề người bị mỡ máu cần biết khi ăn lạc
2026-04-06 13:27:40,802 INFO   [298] Khám phá tác động của bơ đến sức khỏe người bị mỡ máu
2026-04-06 13:27:41,859 INFO   [299] Trẻ biếng ăn thấp còi: Nguyên nhân và cách khắc phục hiệu qu
2026-04-06 13:27:42,957 INFO   [300] 8 Bí quyết giúp em bé ăn cơm ngon mẹ nào cũng nên biết
2026-04-06 13:27:45,266 INFO ── Page 16/35 ──
2026-04-06 13:27:45,659 INFO   Found 23 articles
2026-04-06 13:27:45,899 INFO   [301] Chế độ dinh dưỡng cho trẻ: Những nguyên tắc cha mẹ cần ghi n
2026-04-06 13:27:47,270 INFO   [302] 5 Sai lầm thường gặp khi xây dựng chế độ ăn cho trẻ
2026-04-06 13:27:48,592 INFO   [303] 5 cách đơn giản giúp bổ sung dinh dưỡng cho trẻ hiệu quả tại
2026-04-06 13:27:49,697 INFO   [304] Bé ăn trứng gà mỗi ngày có tốt không? Những điều mẹ cần lưu 
2026-04-06 13:27:50,767 INFO   [305] Những nguyên tắc vàng khi chăm sóc trẻ suy dinh dưỡng tại nh
2026-04-06 13:27:51,835 INFO   [306] Tìm hiểu về vấn đề cao huyết áp có nên uống trà đường
2026-04-06 13:27:52,924 INFO   [307] Huyết áp cao uống cao ngựa: Cẩn thận phản tác dụng
2026-04-06 13:27:53,975 INFO   [308] Tìm hiểu về vấn đề huyết áp cao có uống được lá đinh lăng kh
2026-04-06 13:27:55,115 INFO   [309] Trẻ bị đường ruột kém: Nguyên nhân và cách cải thiện hiệu qu
2026-04-06 13:27:56,157 INFO   [310] Cao huyết áp uống C sủi: Lợi bất cập hại
2026-04-06 13:27:57,202 INFO   [311] Người mỡ máu cao uống cafe: Những vấn đề cần biết
2026-04-06 13:27:58,265 INFO   [312] Người huyết áp cao uống tâm sen: Lợi ích và rủi ro
2026-04-06 13:27:59,347 INFO   [313] Người huyết áp cao: Cẩn trọng khi uống tam thất
2026-04-06 13:28:00,430 INFO   [314] Tìm hiểu về vấn đề mỡ máu có uống được sữa không
2026-04-06 13:28:01,486 INFO   [315] Em bé ăn táo có tốt không? Những lợi ích và lưu ý mẹ cần biế
2026-04-06 13:28:02,558 INFO   [316] Giải mã bí ẩn người huyết áp cao có nên uống sâm
2026-04-06 13:28:03,624 INFO   [317] 9 Sai lầm bố mẹ hay gặp khi cho em bé ăn gà
2026-04-06 13:28:05,928 INFO ── Page 17/35 ──
2026-04-06 13:28:06,152 INFO   Found 23 articles
2026-04-06 13:28:06,382 INFO   [318] Tìm hiểu vấn đề uống mật ong có làm tăng huyết áp không
2026-04-06 13:28:07,442 INFO   [319] Em bé ăn tôm bị nổi mẩn: Nguyên nhân do đâu và cách xử lý?
2026-04-06 13:28:08,495 INFO   [320] Nấm linh chi trị cao huyết áp: Giải pháp tự nhiên bảo vệ tim
2026-04-06 13:28:09,527 INFO   [321] Tìm hiểu vấn đề uống rượu có bị tăng huyết áp không
2026-04-06 13:28:10,570 INFO   [322] Tầm quan trọng của bổ sung vitamin D cho trẻ sơ sinh
2026-04-06 13:28:11,694 INFO   [323] Cho bé ăn yến mạch có tốt không? Bật mí lợi ích khiến mẹ bất
2026-04-06 13:28:12,755 INFO   [324] Bé ăn bơ có tốt không? Lợi ích bất ngờ mẹ nên biết
2026-04-06 13:28:13,848 INFO   [325] Bé ăn lươn: Những sai lầm bố mẹ thường gặp và cách khắc phục
2026-04-06 13:28:14,891 INFO   [326] 7 Sai lầm phổ biến khi cho bé ăn trứng mà cha mẹ nên tránh
2026-04-06 13:28:15,983 INFO   [327] Thắc mắc mỗi ngày ăn 1 quả dứa có tốt không và câu trả lời
2026-04-06 13:28:17,035 INFO   [328] Em bé ăn cá có tốt không? Lợi ích và những điều cha mẹ cần b
2026-04-06 13:28:18,075 INFO   [329] Dinh dưỡng cho bé biếng ăn: Cha mẹ cần lưu ý những gì?
2026-04-06 13:28:19,138 INFO   [330] Nguy cơ tiềm ẩn khi trẻ biếng ăn còi cọc cha mẹ thường bỏ qu
2026-04-06 13:28:20,208 INFO   [331] Chế độ dinh dưỡng cho bé 1 tuổi: Bố mẹ cần lưu ý điều gì?
2026-04-06 13:28:21,269 INFO   [332] Nguyên nhân tiềm ẩn khiến trẻ bị suy dinh dưỡng kéo dài
2026-04-06 13:28:22,334 INFO   [333] Sai lầm khi bổ sung protein cho bé: Những điều cha mẹ cần lư
2026-04-06 13:28:23,406 INFO   [334] Bí quyết chăm sóc dinh dưỡng cho trẻ giúp bé phát triển toàn
2026-04-06 13:28:24,484 INFO   [335] Thủy đậu kiêng gì để tránh biến chứng nguy hiểm
2026-04-06 13:28:25,883 INFO   [336] Chế độ ăn của trẻ bị biếng ăn: Nguyên nhân và giải pháp hiệu
2026-04-06 13:28:27,178 INFO   [337] 7 Sai lầm phổ biến khi bổ sung rau củ cho bé mẹ cần tránh
2026-04-06 13:28:29,484 INFO ── Page 18/35 ──
2026-04-06 13:28:29,724 INFO   Found 23 articles
2026-04-06 13:28:29,970 INFO   [338] Bé lười ăn rau: Nguyên nhân do đâu và mẹ nên xử lý thế nào?
2026-04-06 13:28:30,997 INFO   [339] Cho bé ăn bơ có tốt không? Những điều ba mẹ cần biết
2026-04-06 13:28:32,043 INFO   [340] Trẻ còi cọc là gì? Nguyên nhân và giải pháp chăm sóc hiệu qu
2026-04-06 13:28:33,131 INFO   [341] Tìm hiểu vai trò của protein đối với cơ thể và ứng dụng
2026-04-06 13:28:34,184 INFO   [342] Bổ sung chất béo cho bé đúng cách và khoa học
2026-04-06 13:28:35,264 INFO   [343] Gợi ý: Trẻ sơ sinh bị thiếu máu mẹ nên ăn gì
2026-04-06 13:28:36,356 INFO   [344] Tháp dinh dưỡng cho trẻ mầm non – Ba mẹ cần ghi nhớ
2026-04-06 13:28:37,754 INFO   [345] Trẻ bị rối loạn tiêu hóa nên ăn gì – Cha mẹ cần biết
2026-04-06 13:28:38,849 INFO   [346] Bố mẹ lưu ý: Trẻ bị táo bón nên ăn gì
2026-04-06 13:28:39,909 INFO   [347] Dinh dưỡng cho trẻ: Những nguyên tắc không nên bỏ qua
2026-04-06 13:28:40,968 INFO   [348] Tư vấn cho mẹ: Trẻ biếng ăn nên bổ sung gì
2026-04-06 13:28:42,029 INFO   [349] Tìm hiểu các thức ăn nhiều calo và ứng dụng đúng cách
2026-04-06 13:28:43,092 INFO   [350] Dấu hiệu cơ thể thiếu kẽm và cách nhận biết sớm
2026-04-06 13:28:44,186 INFO   [351] Trái cây tốt cho sức khỏe: Bí quyết sống khỏe mỗi ngày
2026-04-06 13:28:45,247 INFO   [352] Khi trẻ biếng ăn nên làm gì – Cha mẹ lưu ý
2026-04-06 13:28:46,297 INFO   [353] Thực phẩm chứa sắt: Nguồn dinh dưỡng cho sức khỏe bền vững
2026-04-06 13:28:47,346 INFO   [354] Thức ăn bổ sung canxi: Nguồn dinh dưỡng cho xương chắc khỏe
2026-04-06 13:28:48,398 INFO   [355] Lợi ích và lưu ý vấn đề có nên ăn khoai lang mỗi ngày
2026-04-06 13:28:49,475 INFO   [356] Câu trả lời cho câu hỏi vitamin E tác dụng gì
2026-04-06 13:28:50,568 INFO   [357] Tác dụng của dầu cá omega 3 với mọi người
2026-04-06 13:28:52,879 INFO ── Page 19/35 ──
2026-04-06 13:28:53,103 INFO   Found 23 articles
2026-04-06 13:28:53,343 INFO   [358] Những loại trái cây có hàm lượng calo cao cho bạn tham khảo
2026-04-06 13:28:54,429 INFO   [359] Probiotic là gì và tầm quan trọng đối với sức khỏe
2026-04-06 13:28:55,543 INFO   [360] Tháp dinh dưỡng: Những điều cần biết để duy trì lối sống khỏ
2026-04-06 13:28:56,595 INFO   [361] Tác dụng của vitamin E: Bí quyết cho sức khỏe và sắc đẹp
2026-04-06 13:28:57,643 INFO   [362] Tìm hiểu về vấn đề ăn sữa chua ban đêm
2026-04-06 13:28:58,672 INFO   [363] Omega 3 nào tốt: EPA, DHA hay ALA
2026-04-06 13:28:59,729 INFO   [364] Omega 3-6-9: Dưỡng chất vàng cho sức khỏe toàn diện
2026-04-06 13:29:00,807 INFO   [365] Thức ăn chứa nhiều canxi và vai trò quan trọng của canxi
2026-04-06 13:29:01,861 INFO   [366] Thực phẩm nhiều protein và vai trò của protein trong chế độ 
2026-04-06 13:29:02,974 INFO   [367] Nguyên nhân, triệu chứng thiếu vitamin B12 có thể bạn chưa b
2026-04-06 13:29:04,031 INFO   [368] Giới thiệu về các loại nước ép tốt cho sức khỏe
2026-04-06 13:29:05,172 INFO   [369] Lưu ý khi uống vitamin tổng hợp: Hướng dẫn chi tiết
2026-04-06 13:29:06,556 INFO   [370] Tìm hiểu 100g táo bao nhiêu calo và lợi ích sức khỏe
2026-04-06 13:29:07,863 INFO   [371] Chuyên gia giải đáp uống nước hoa đu đủ đực có tác dụng gì
2026-04-06 13:29:09,258 INFO   [372] Giới thiệu về vai trò và vitamin C có trong thực phẩm nào
2026-04-06 13:29:10,344 INFO   [373] Giới thiệu về vitamin E 400 và vai trò trong chăm sóc sức kh
2026-04-06 13:29:11,409 INFO   [374] Khám phá chức năng protein và vai trò quan trọng trong cơ th
2026-04-06 13:29:12,468 INFO   [375] Omega-3 là gì: Những điều bạn cần biết về omega-3
2026-04-06 13:29:13,516 INFO   [376] Tìm hiểu vấn đề vitamin D có nhiều trong thực phẩm nào
2026-04-06 13:29:14,594 INFO   [377] Tìm hiểu về vấn đề vitamin B2 có ở thực phẩm nào
2026-04-06 13:29:16,904 INFO ── Page 20/35 ──
2026-04-06 13:29:17,306 INFO   Found 23 articles
2026-04-06 13:29:17,547 INFO   [378] Tìm hiểu vấn đề lòng đỏ trứng gà có tác dụng gì
2026-04-06 13:29:18,608 INFO   [379] Omega-3 nên uống lúc nào: Giải đáp chi tiết
2026-04-06 13:29:19,665 INFO   [380] Tìm hiểu 1 chén cơm trắng bao nhiêu calo và những điều cần b
2026-04-06 13:29:20,731 INFO   [381] Tác dụng của sầu riêng: Sự tuyệt vời của “vua trái cây”
2026-04-06 13:29:21,834 INFO   [382] Tìm hiểu về vấn đề chất khoáng gồm những gì
2026-04-06 13:29:22,972 INFO   [383] Tìm hiểu vitamin nào kích thích ăn uống cho người lớn
2026-04-06 13:29:24,005 INFO   [384] Khám phá công dụng của đường phèn
2026-04-06 13:29:25,059 INFO   [385] Tìm hiểu vấn đề ăn rong biển nhiều có tốt không
2026-04-06 13:29:26,137 INFO   [386] Khám phá uống lá ổi có tác dụng gì đối với sức khỏe
2026-04-06 13:29:27,169 INFO   [387] Giải đáp thắc mắc omega là gì và vai trò đối với sức khỏe
2026-04-06 13:29:28,228 INFO   [388] Khám phá việc ăn táo đỏ có tác dụng gì
2026-04-06 13:29:29,299 INFO   [389] Bí quyết ở cữ giúp mẹ khỏe, bé phát triển toàn diện
2026-04-06 13:29:30,349 INFO   [390] Tác dụng của sữa chua đối với sức khỏe và sắc đẹp
2026-04-06 13:29:31,721 INFO   [391] Tìm hiều về vấn đề ở cữ sau sinh ăn được quả gì
2026-04-06 13:29:32,779 INFO   [392] Những loại nước ép nên uống mỗi ngày để sống khỏe mạnh
2026-04-06 13:29:34,136 INFO   [393] Thiếu vitamin D gây bệnh gì: Tác động nguy hiểm đối với sức 
2026-04-06 13:29:35,175 INFO   [394] Các loại thịt giàu canxi bổ sung cho cơ thể mà bạn cần biết
2026-04-06 13:29:37,486 INFO ── Page 21/35 ──
2026-04-06 13:29:37,716 INFO   Found 23 articles
2026-04-06 13:29:37,972 INFO   [395] Tìm hiểu về vấn đề uống sữa có tốt không
2026-04-06 13:29:39,038 INFO   [396] Mọi điều bạn cần biết về vi khuẩn trong sữa chua
2026-04-06 13:29:40,132 INFO   [397] Vitamin B3: Vitamin vàng cho sức khỏe và làn da
2026-04-06 13:29:41,186 INFO   [398] Vitamin B1: Vai trò, dấu hiệu thiếu hụt và nguồn bổ sung
2026-04-06 13:29:42,574 INFO   [399] Vitamin B6: Những điều bạn cần biết
2026-04-06 13:29:43,640 INFO   [400] Tháp dinh dưỡng cho trẻ 12-14 tuổi – Cha mẹ lưu ý
2026-04-06 13:29:44,711 INFO   [401] Trẻ táo bón nên ăn gì – Thực đơn tham khảo
2026-04-06 13:29:45,761 INFO   [402] Thực đơn cho trẻ thiếu máu thiếu sắt – Cha mẹ cập nhật ngay
2026-04-06 13:29:46,826 INFO   [403] Tìm hiểu vấn đề vitamin nào kích thích ăn uống cho người lớn
2026-04-06 13:29:47,883 INFO   [404] Lutein và zeaxanthin: Bí quyết cho đôi mắt khỏe mạnh
2026-04-06 13:29:48,937 INFO   [405] Khám phá chi tiết 5 công dụng của cà rốt
2026-04-06 13:29:50,021 INFO   [406] Tìm hiểu uống canxi vào thời điểm nào trong ngày là tốt nhất
2026-04-06 13:29:51,057 INFO   [407] Tìm hiểu về vấn đề thừa vitamin b12 gây bệnh gì
2026-04-06 13:29:52,109 INFO   [408] Tìm hiểu vấn đề bầu 3 tháng đầu ăn thịt dê được không
2026-04-06 13:29:53,169 INFO   [409] Bột nghệ có tác dụng gì và cách sử dụng
2026-04-06 13:29:54,229 INFO   [410] Enat 400 có tác dụng gì: Tìm hiểu về sản phẩm vitamin E nổi 
2026-04-06 13:29:55,324 INFO   [411] Kali có trong thực phẩm nào và vai trò dinh dưỡng
2026-04-06 13:29:56,358 INFO   [412] Khám phá vitamin B12 có trong thực phẩm nào và vai trò
2026-04-06 13:29:57,430 INFO   [413] Tìm hiểu vấn đề ăn sữa chua lúc nào là tốt nhất
2026-04-06 13:29:58,477 INFO   [414] Tìm hiểu về vấn đề lá sung có tác dụng gì
2026-04-06 13:30:00,786 INFO ── Page 22/35 ──
2026-04-06 13:30:01,006 INFO   Found 23 articles
2026-04-06 13:30:01,624 INFO   [415] Giải đáp thiếu vitamin B2 nên ăn gì để bổ sung hiệu quả
2026-04-06 13:30:02,685 INFO   [416] Thông tin về collagen thủy phân, chăm sóc làn da và sức khỏe
2026-04-06 13:30:03,763 INFO   [417] Tìm hiểu protein có chức năng gì với cơ thể
2026-04-06 13:30:04,828 INFO   [418] Thời điểm uống omega 3 để đạt hiệu quả tối ưu
2026-04-06 13:30:05,896 INFO   [419] Tác dụng của nước dừa với phụ nữ và sức khỏe
2026-04-06 13:30:06,935 INFO   [420] Ăn gì để bổ sung canxi – Thực phẩm tốt cho xương
2026-04-06 13:30:07,981 INFO   [421] Giải đáp chi tiết việc omega 3 và omega 3-6-9 loại nào tốt h
2026-04-06 13:30:09,094 INFO   [422] Lợi ích bất ngờ của chất béo và cách duy trì hợp lý
2026-04-06 13:30:10,156 INFO   [423] Bổ sung vitamin C: Bí quyết tăng cường sức khỏe toàn diện
2026-04-06 13:30:11,759 INFO   [424] Protein thực vật: Giải pháp dinh dưỡng bền vững cho sức khỏe
2026-04-06 13:30:13,635 INFO   [425] Tầm quan trọng của dinh dưỡng trẻ em trong những năm đầu đời
2026-04-06 13:30:14,687 INFO   [426] Khám phá dinh dưỡng trong chuối và những công dụng tuyệt vời
2026-04-06 13:30:16,044 INFO   [427] Chức năng của protein: Vai trò quan trọng trong cơ thể con n
2026-04-06 13:30:17,815 INFO   [428] Biotin là gì và vai trò của nó trong cuộc sống hiện đại
2026-04-06 13:30:19,338 INFO   [429] Detox là gì: Hiểu biết toàn diện về xu hướng thanh lọc cơ th
2026-04-06 13:30:21,407 INFO   [430] Chuối bao nhiêu calo: Giải mã giá trị dinh dưỡng của chuối
2026-04-06 13:30:22,472 INFO   [431] Chất chống oxy hóa mạnh nhất: Bật mí bí mật
2026-04-06 13:30:24,051 INFO   [432] Tìm hiểu vấn đề cho con bú ăn dâu tây được không
2026-04-06 13:30:26,366 INFO   [433] Ăn cà rốt có tác dụng gì và gợi ý thực đơn dinh dưỡng
2026-04-06 13:30:28,724 INFO   [434] Dầu oliu dùng để làm gì – Ứng dụng đúng cách
2026-04-06 13:30:31,035 INFO ── Page 23/35 ──
2026-04-06 13:30:31,229 INFO   Found 23 articles
2026-04-06 13:30:31,481 INFO   [435] Protein từ thực vật và ứng dụng trong dinh dưỡng
2026-04-06 13:30:33,117 INFO   [436] Carbohydrate – thành phần thiết yếu trong chế độ ăn uống
2026-04-06 13:30:34,164 INFO   [437] Khám phá tác dụng của đông trùng hạ thảo với sức khỏe
2026-04-06 13:30:35,257 INFO   [438] Dinh dưỡng trong trứng gà và ứng dụng trong đời sống
2026-04-06 13:30:36,286 INFO   [439] 100g Thịt bò bao nhiêu calo – Ứng dụng trong thực đơn hằng n
2026-04-06 13:30:37,596 INFO   [440] Giải pháp dinh dưỡng giúp cải thiện tình trạng trẻ thấp còi
2026-04-06 13:30:38,677 INFO   [441] Công dụng rau má: Lợi ích của món quà từ thiên nhiên
2026-04-06 13:30:40,034 INFO   [442] Tìm hiểu vấn đề lá diếp cá có tác dụng gì
2026-04-06 13:30:41,073 INFO   [443] Tác dụng của bưởi: Khám phá lợi ích của loại trái cây quen t
2026-04-06 13:30:42,182 INFO   [444] DHA có trong thực phẩm nào: Tìm hiểu thực phẩm giàu DHA
2026-04-06 13:30:43,230 INFO   [445] Uống canxi lúc nào tốt nhất – Lưu ý để bổ sung hiệu quả
2026-04-06 13:30:44,524 INFO   [446] Tổng hợp: vitamin b3 có trong trái cây nào
2026-04-06 13:30:45,569 INFO   [447] Thực phẩm bổ sung estrogen: Giải pháp tự nhiên cho sức khỏe
2026-04-06 13:30:47,015 INFO   [448] 10 sai lầm thường gặp khi bổ sung đạm và cách khắc phục
2026-04-06 13:30:48,076 INFO   [449] Trứng gà kỵ gì: Hiểu để ăn trứng gà đúng cách
2026-04-06 13:30:49,557 INFO   [450] Tìm hiểu về vấn đề 1 tuần nên ăn mấy quả trứng
2026-04-06 13:30:50,610 INFO   [451] Vitamin C là gì: Bản chất, nguồn gốc và cách bổ sung vitamin
2026-04-06 13:30:51,840 INFO   [452] 5 Nhóm thực phẩm nhiều canxi bạn nên thêm vào thực đơn
2026-04-06 13:30:52,896 INFO   [453] Men vi sinh probiotic: Giải pháp vàng cho sức khỏe đường ruộ
2026-04-06 13:30:54,342 INFO   [454] Thực phẩm giàu protein và ứng dụng trong bổ sung hằng ngày
2026-04-06 13:30:56,653 INFO ── Page 24/35 ──
2026-04-06 13:30:56,886 INFO   Found 23 articles
2026-04-06 13:30:57,151 INFO   [455] Thiếu kẽm bị gì? Tác động đến sức khỏe và cách phòng
2026-04-06 13:30:58,982 INFO   [456] Top 10 thực phẩm giàu kali bạn nhất định phải biết
2026-04-06 13:31:00,043 INFO   [457] Vitamin B12 – Tác dụng và lưu ý khi sử dụng
2026-04-06 13:31:01,280 INFO   [458] Công dụng của cây nha đam – loại cây quen thuộc
2026-04-06 13:31:02,332 INFO   [459] Vitamin B có trong thực phẩm nào và vai trò đối với sức khỏe
2026-04-06 13:31:03,709 INFO   [460] Thực phẩm bổ sung kẽm: Giải pháp tối ưu cho sức khỏe
2026-04-06 13:31:04,779 INFO   [461] Cách bổ sung estrogen cho phụ nữ: Hành trang sức khỏe – sắc 
2026-04-06 13:31:06,258 INFO   [462] Tác dụng của Vitamin C và cách bổ sung phù hợp
2026-04-06 13:31:08,341 INFO   [463] Uống nước cam lúc nào tốt: Biết để tận dụng tối đa
2026-04-06 13:31:09,412 INFO   [464] Tìm hiểu về vấn đề vitamin E có trong thực phẩm nào
2026-04-06 13:31:11,003 INFO   [465] Uống vitamin B6 vào lúc nào hiệu quả nhất
2026-04-06 13:31:12,061 INFO   [466] 1 Quả trứng gà bao nhiêu protein và ứng dụng bổ sung hằng ng
2026-04-06 13:31:13,507 INFO   [467] Thiếu Kali ăn gì và cách bổ sung phù hợp
2026-04-06 13:31:14,578 INFO   [468] Những thông tin về ăn đậu bắp có tác dụng gì
2026-04-06 13:31:15,938 INFO   [469] Chuyên gia đưa lời khuyên uống cafe có tốt không
2026-04-06 13:31:16,983 INFO   [470] Chất béo là gì: Tìm hiểu về vai trò của chất béo trong cuộc 
2026-04-06 13:31:18,513 INFO   [471] Vitamin B6 có trong thực phẩm nào: Danh sách các nguồn dồi d
2026-04-06 13:31:19,559 INFO   [472] Uống nước dừa nhiều có tốt không – Những điều cần chú ý
2026-04-06 13:31:20,930 INFO   [473] Uống trà táo đỏ hàng ngày có tốt không và những điều cần lưu
2026-04-06 13:31:21,991 INFO   [474] Chia sẻ 3 tác dụng của mật ong bạn nhất định phải biết
2026-04-06 13:31:24,298 INFO ── Page 25/35 ──
2026-04-06 13:31:24,520 INFO   Found 23 articles
2026-04-06 13:31:26,046 INFO   [475] Những tác hại của việc uống cà phê mỗi ngày quá nhiều
2026-04-06 13:31:27,161 INFO   [476] Thiếu vitamin B12 gây bệnh gì: Giải đáp chi tiết
2026-04-06 13:31:28,789 INFO   [477] Thịt đỏ và những điều bạn cần biết
2026-04-06 13:31:30,841 INFO   [478] Tìm hiểu về vấn đề uống rau má mỗi ngày có tốt không
2026-04-06 13:31:32,479 INFO   [479] Uống trà gừng mỗi ngày và những điều bạn cần biết
2026-04-06 13:31:34,214 INFO   [480] Tìm hiểu về vấn đề thịt bò bao nhiêu calo
2026-04-06 13:31:35,279 INFO   [481] Ăn đu đủ có tác dụng gì: Tất tần tật về lợi ích sức khỏe của
2026-04-06 13:31:36,335 INFO   [482] Uống nước ép cà chua mỗi ngày có tốt không và điều cần biết
2026-04-06 13:31:37,592 INFO   [483] Vitamin A trong trái cây nào và những điều cần biết
2026-04-06 13:31:39,106 INFO   [484] 1 quả chuối bao nhiêu calo – Ứng dụng trong dinh dưỡng
2026-04-06 13:31:40,161 INFO   [485] Khám phá ăn yến mạch có tác dụng gì
2026-04-06 13:31:41,213 INFO   [486] Ăn khoai lang nhiều có tốt không và câu trả lời
2026-04-06 13:31:42,405 INFO   [487] Tìm hiểu về vấn đề ăn khoai lang có tác dụng gì
2026-04-06 13:31:43,444 INFO   [488] 1 Quả trứng gà luộc bao nhiêu calo: Thông tin chi tiết
2026-04-06 13:31:44,477 INFO   [489] Những loại trái cây có hàm lượng calo cao bạn nhất định phải
2026-04-06 13:31:45,544 INFO   [490] Thực phẩm cần bổ sung khi bị hạ kali máu để cải thiện sức kh
2026-04-06 13:31:46,613 INFO   [491] Tác dụng tuyệt vời của việc uống vitamin C đối với sức khỏe
2026-04-06 13:31:47,858 INFO   [492] Làm sáng tỏ bí ẩn ăn ớt chuông có tác dụng gì
2026-04-06 13:31:49,218 INFO   [493] Khám phá công dụng rau diếp cá trong sức khỏe và đời sống
2026-04-06 13:31:50,293 INFO   [494] Uống nước dừa mỗi ngày có tốt không: Lời khuyên từ chuyên gi
2026-04-06 13:31:52,604 INFO ── Page 26/35 ──
2026-04-06 13:31:52,836 INFO   Found 23 articles
2026-04-06 13:31:53,079 INFO   [495] 1 trái chuối bao nhiêu calo và yếu tố ảnh hưởng đến calo của
2026-04-06 13:31:54,157 INFO   [496] Vitamin K – Tác dụng và cách bổ sung phù hợp
2026-04-06 13:31:55,215 INFO   [497] Top 10 thực phẩm dinh dưỡng giúp tăng cường sức khỏe toàn di
2026-04-06 13:31:56,254 INFO   [498] Muối hồng có tác dụng gì với sức khỏe và giải đáp
2026-04-06 13:31:57,322 INFO   [499] Vitamin E có tác dụng gì – Tìm hiểu để sử dụng hiệu quả
2026-04-06 13:31:58,442 INFO   [500] Vitamin E tác dụng với sức khỏe và sắc đẹp
2026-04-06 13:31:59,492 INFO   [501] Hoa đu đủ đực có tác dụng gì – Lưu ý quan trọng khi sử dụng
2026-04-06 13:32:00,551 INFO   [502] Khám phá những tác dụng của nước ép dứa với phụ nữ
2026-04-06 13:32:01,614 INFO   [503] Những tác dụng của trứng gà đối với nam giới về mọi phương d
2026-04-06 13:32:02,690 INFO   [504] Tìm hiểu về vấn đề trứng vịt lộn bao nhiêu calo
2026-04-06 13:32:03,738 INFO   [505] Tìm hiểu về việc ăn vỏ tôm có tốt không
2026-04-06 13:32:04,847 INFO   [506] Dưa leo bao nhiêu calo và hàm lượng dinh dưỡng của dưa leo
2026-04-06 13:32:05,897 INFO   [507] Gạo lứt có tác dụng gì đối với sức khỏe và cuộc sống
2026-04-06 13:32:06,956 INFO   [508] Khám phá 10 giải pháp dinh dưỡng cho bé biếng ăn hiệu quả
2026-04-06 13:32:08,022 INFO   [509] Lá ổi có tác dụng gì: Khám phá lợi ích tuyệt vời từ thiên nh
2026-04-06 13:32:09,108 INFO   [510] Thiết lập chế độ dinh dưỡng như thế nào là khoa học và hợp l
2026-04-06 13:32:10,189 INFO   [511] Những sai lầm khi bổ sung canxi mà bạn nên biết
2026-04-06 13:32:11,274 INFO   [512] Khám phá 10 công dụng của gừng đối với sức khỏe
2026-04-06 13:32:12,342 INFO   [513] Tìm hiểu vấn đề vitamin B12 có trong thực phẩm nào
2026-04-06 13:32:13,414 INFO   [514] Tìm hiểu việc uống nước rau má có tác dụng gì
2026-04-06 13:32:15,724 INFO ── Page 27/35 ──
2026-04-06 13:32:16,031 INFO   Found 23 articles
2026-04-06 13:32:16,255 INFO   [515] Khám phá 10 công dụng bất ngờ của mật ong có thể bạn chưa bi
2026-04-06 13:32:17,305 INFO   [516] Những điều chưa biết về công dụng của đông trùng hạ thảo
2026-04-06 13:32:18,431 INFO   [517] Uống nước lá ổi tươi có tác dụng gì và lưu ý khi sử dụng
2026-04-06 13:32:19,499 INFO   [518] Thực phẩm giàu canxi – Bổ sung đúng loại, đúng cách
2026-04-06 13:32:20,555 INFO   [519] Nhiều người thắc mắc một quả trứng bao nhiêu calo
2026-04-06 13:32:21,628 INFO   [520] Khám phá những lợi ích tuyệt vời khi uống Vitamin C mỗi ngày
2026-04-06 13:32:22,688 INFO   [521] Ăn sữa chua có tác dụng gì và cách tận dụng tối đa lợi ích
2026-04-06 13:32:23,756 INFO   [522] Thực phẩm giàu kẽm – chìa khóa vàng cho sức khỏe toàn diện
2026-04-06 13:32:24,823 INFO   [523] Thực phẩm bổ sung sắt: vai trò và các nguồn thực phẩm giàu s
2026-04-06 13:32:25,906 INFO   [524] Tác dụng bột sắn dây và những lợi ích tuyệt vời cho sức khỏe
2026-04-06 13:32:27,085 INFO   [525] Vitamin D có trong thực phẩm nào và tầm quan trọng
2026-04-06 13:32:28,163 INFO   [526] Omega 3 có trong thực phẩm nào – Cùng khám phá
2026-04-06 13:32:29,475 INFO   [527] Vitamin C có tác dụng gì và các thông tin cần thiết
2026-04-06 13:32:30,541 INFO   [528] Khám phá những thực phẩm giàu canxi giúp hệ xương chắc khỏe
2026-04-06 13:32:31,605 INFO   [529] Ngải cứu có tác dụng gì và chi tiết cách sử dụng ngải cứu
2026-04-06 13:32:32,687 INFO   [530] Uống mấy viên omega 3 mỗi ngày và những lưu ý khi uống
2026-04-06 13:32:33,773 INFO   [531] Uống đậu đen rang hàng ngày có tốt không và câu trả lời
2026-04-06 13:32:34,894 INFO   [532] Kẽm có trong thực phẩm nào và những thông tin liên quan
2026-04-06 13:32:35,960 INFO   [533] Tác dụng của omega 3 đối với sức khỏe và cách bổ sung hiệu q
2026-04-06 13:32:37,014 INFO   [534] Những ai không nên uống omega 3-6-9 và câu trả lời
2026-04-06 13:32:39,325 INFO ── Page 28/35 ──
2026-04-06 13:32:39,555 INFO   Found 23 articles
2026-04-06 13:32:39,807 INFO   [535] Mầm đậu nành – Lợi ích cho sức khỏe phụ nữ
2026-04-06 13:32:40,855 INFO   [536] Giải mã vấn đề dinh dưỡng: 1 chén cơm bao nhiêu calo
2026-04-06 13:32:41,907 INFO   [537] Khám phá uống nước dừa có tác dụng gì cho sức khỏe
2026-04-06 13:32:42,958 INFO   [538] 100g ức gà luộc bao nhiêu calo và giải đáp chi tiết
2026-04-06 13:32:44,006 INFO   [539] Đông trùng hạ thảo có tác dụng gì: Thông tin khiến bạn bất n
2026-04-06 13:32:45,027 INFO   [540] Tác dụng của lá ổi – Vị thuốc từ thiên nhiên
2026-04-06 13:32:46,090 INFO   [541] Protein là gì: Vai trò đối với cơ thể và cách bổ sung hợp lý
2026-04-06 13:32:47,143 INFO   [542] Carbohydrate là gì: Ảnh hưởng đối với sức khỏe
2026-04-06 13:32:48,210 INFO   [543] Omega-3 có tác dụng gì: Lợi ích của omega-3 đối với sức khỏe
2026-04-06 13:32:49,269 INFO   [544] 10 Dấu hiệu cảnh báo cơ thể không đủ chất đạm mà bạn nên biế
2026-04-06 13:32:50,343 INFO   [545] Uống tinh bột nghệ vào buổi sáng có thực sự tốt cho sức khỏe
2026-04-06 13:32:51,378 INFO   [546] Uống nước lá ổi có tác dụng gì: Giải mã lợi ích của nước lá 
2026-04-06 13:32:52,438 INFO   [547] 1 Bát cơm bao nhiêu calo: Tìm hiểu giá trị dinh dưỡng của cơ
2026-04-06 13:32:53,508 INFO   [548] Một quả táo chứa bao nhiêu calo: Giải mã dinh dưỡng trong tá
2026-04-06 13:32:54,583 INFO   [549] Thực phẩm giàu calo – Nguồn năng lượng thiết yếu cho cơ thể
2026-04-06 13:32:55,925 INFO   [550] Táo đỏ có tác dụng gì với cơ thể và giải đáp từ chuyên gia
2026-04-06 13:32:57,017 INFO   [551] Khám phá tác dụng của hoa đu đủ đực trong cải thiện sức khỏe
2026-04-06 13:32:58,101 INFO   [552] Lời khuyên về việc dùng vitamin tổng hợp tăng cường sức khỏe
2026-04-06 13:32:59,191 INFO   [553] Nạo VA bao nhiêu tiền: Thông tin tham khảo cho bố mẹ
2026-04-06 13:33:00,276 INFO   [554] Lợi ích và điều bạn cần biết về Omega 3
2026-04-06 13:33:02,587 INFO ── Page 29/35 ──
2026-04-06 13:33:02,971 INFO   Found 23 articles
2026-04-06 13:33:03,287 INFO   [555] Khám phá về Vitamin E – Dưỡng chất thiết yếu cho cơ thể
2026-04-06 13:33:04,355 INFO   [556] Khám dinh dưỡng người lớn: Ai nên khám và tầm quan trọng
2026-04-06 13:33:05,465 INFO   [557] Dấu hiệu trẻ còi xương suy dinh dưỡng, mẹ có biết?
2026-04-06 13:33:06,883 INFO   [558] Trẻ tăng động giảm chú ý: Những kiến thức ba mẹ cần biết
2026-04-06 13:33:07,953 INFO   [559] Khám trẻ sơ sinh thiếu máu
2026-04-06 13:33:09,006 INFO   [560] Quy trình khám dinh dưỡng cho người bệnh đa u tủy xương
2026-04-06 13:33:10,061 INFO   [561] Trẻ bị suy dinh dưỡng nên đi khám ở đâu?
2026-04-06 13:33:11,190 INFO   [562] Địa chỉ phòng khám tư vấn dinh dưỡng uy tín tại Hà Nội
2026-04-06 13:33:12,247 INFO   [563] Giải đáp thắc mắc: “Có nên khám dinh dưỡng cho con?”
2026-04-06 13:33:13,295 INFO   [564] Giải đáp: Khám dinh dưỡng cho bé là khám những gì?
2026-04-06 13:33:14,350 INFO   [565] Khám dinh dưỡng cho bé ở đâu tốt và hiệu quả?
2026-04-06 13:33:15,418 INFO   [566] Có nên khám dinh dưỡng cho người bệnh thận?
2026-04-06 13:33:16,506 INFO   [567] Quy trình khám dinh dưỡng cho trẻ đúng chuẩn
2026-04-06 13:33:17,543 INFO   [568] Khám dinh dưỡng cho người bệnh tim mạch
2026-04-06 13:33:18,585 INFO   [569] Giải đáp thắc mắc: Khi nào nên cho trẻ đi khám dinh dưỡng?
2026-04-06 13:33:19,651 INFO   [570] Kinh nghiệm cho trẻ đi khám dinh dưỡng mẹ cần biết
2026-04-06 13:33:20,922 INFO   [571] Khám dinh dưỡng cho người bệnh xương khớp
2026-04-06 13:33:23,229 INFO ── Page 30/35 ──
2026-04-06 13:33:23,458 INFO   Found 6 articles
2026-04-06 13:33:23,681 INFO   [572] 4 nguyên nhân suy giảm chiều cao ở trẻ
2026-04-06 13:33:24,733 INFO   [573] Mách mẹ danh sách 12 loại trái cây tốt cho trẻ ăn dặm
2026-04-06 13:33:25,770 INFO   [574] Thực phẩm vàng cho bé ăn dặm và cách chế biến cha mẹ cần biế
2026-04-06 13:33:28,079 INFO ── Page 31/35 ──
2026-04-06 13:33:28,510 INFO   Found 3 articles
2026-04-06 13:33:30,012 INFO ── Page 32/35 ──
2026-04-06 13:33:30,372 INFO   Found 3 articles
2026-04-06 13:33:31,873 INFO ── Page 33/35 ──
2026-04-06 13:33:32,196 INFO   Found 3 articles
2026-04-06 13:33:33,701 INFO ── Page 34/35 ──
2026-04-06 13:33:34,054 INFO   Found 3 articles
2026-04-06 13:33:35,556 INFO ── Page 35/35 ──
2026-04-06 13:33:35,862 INFO   Found 3 articles
2026-04-06 13:33:37,369 INFO Done. Written 574 new articles → /Users/nguyenthithutam/Desktop/Callbot/thucuc_articles_corpus.jsonl
2026-04-06 13:33:37,370 INFO Total in file (incl. resumed): 574
